<?xml version="1.0" encoding="UTF-8"?>
<!-- Generated by org.testng.reporters.JUnitXMLReporter -->
<testsuite ignored="1" hostname="DESKTOP-NDVQ92D" failures="0" tests="2" name="Default test" time="12.036" errors="0" timestamp="2021-02-05T19:29:51 CST">
  <testcase classname="com.AppProject.AppLoginTest" name="verifyvalidlogin" time="3.525"/>
  <testcase classname="com.AppProject.AppLoginTest" name="verifyinvalidlogin" time="1.762"/>
  <testcase classname="com.AppProject.AppLoginTest" name="verifyhomelink" time="0.0">
    <ignored/>
  </testcase> <!-- verifyhomelink -->
</testsuite> <!-- Default test -->
